  Building Custom Rule D:/Clase/PracticaSonidoGustavo/CTool/CMakeLists.txt
  drawable.cpp
  mainGame.cpp
  sound.cpp
  Generating Code...
ESAT_d.lib(window.obj) : warning LNK4099: PDB '' was not found with 'ESAT_d.lib(window.obj)' or at ''; linking object as if no debug info
ESAT_d.lib(draw.obj) : warning LNK4099: PDB '' was not found with 'ESAT_d.lib(draw.obj)' or at ''; linking object as if no debug info
ESAT_d.lib(input.obj) : warning LNK4099: PDB '' was not found with 'ESAT_d.lib(input.obj)' or at ''; linking object as if no debug info
ESAT_d.lib(time.obj) : warning LNK4099: PDB '' was not found with 'ESAT_d.lib(time.obj)' or at ''; linking object as if no debug info
ESAT_d.lib(glew.obj) : warning LNK4099: PDB '' was not found with 'ESAT_d.lib(glew.obj)' or at ''; linking object as if no debug info
ESAT_d.lib(init.obj) : warning LNK4099: PDB '' was not found with 'ESAT_d.lib(init.obj)' or at ''; linking object as if no debug info
ESAT_d.lib(window.obj) : warning LNK4099: PDB '' was not found with 'ESAT_d.lib(window.obj)' or at ''; linking object as if no debug info
ESAT_d.lib(input.obj) : warning LNK4099: PDB '' was not found with 'ESAT_d.lib(input.obj)' or at ''; linking object as if no debug info
ESAT_d.lib(context.obj) : warning LNK4099: PDB '' was not found with 'ESAT_d.lib(context.obj)' or at ''; linking object as if no debug info
ESAT_d.lib(edk_gpumanager.obj) : warning LNK4099: PDB '' was not found with 'ESAT_d.lib(edk_gpumanager.obj)' or at ''; linking object as if no debug info
ESAT_d.lib(imgui.obj) : warning LNK4099: PDB '' was not found with 'ESAT_d.lib(imgui.obj)' or at ''; linking object as if no debug info
ESAT_d.lib(imgui.obj) : warning LNK4099: PDB '' was not found with 'ESAT_d.lib(imgui.obj)' or at ''; linking object as if no debug info
ESAT_d.lib(math.obj) : warning LNK4099: PDB '' was not found with 'ESAT_d.lib(math.obj)' or at ''; linking object as if no debug info
ESAT_d.lib(nanovg.obj) : warning LNK4099: PDB '' was not found with 'ESAT_d.lib(nanovg.obj)' or at ''; linking object as if no debug info
ESAT_d.lib(win32_time.obj) : warning LNK4099: PDB '' was not found with 'ESAT_d.lib(win32_time.obj)' or at ''; linking object as if no debug info
ESAT_d.lib(win32_thread.obj) : warning LNK4099: PDB '' was not found with 'ESAT_d.lib(win32_thread.obj)' or at ''; linking object as if no debug info
ESAT_d.lib(platform.obj) : warning LNK4099: PDB '' was not found with 'ESAT_d.lib(platform.obj)' or at ''; linking object as if no debug info
ESAT_d.lib(monitor.obj) : warning LNK4099: PDB '' was not found with 'ESAT_d.lib(monitor.obj)' or at ''; linking object as if no debug info
ESAT_d.lib(vulkan.obj) : warning LNK4099: PDB '' was not found with 'ESAT_d.lib(vulkan.obj)' or at ''; linking object as if no debug info
ESAT_d.lib(edk_gpuresources.obj) : warning LNK4099: PDB '' was not found with 'ESAT_d.lib(edk_gpuresources.obj)' or at ''; linking object as if no debug info
ESAT_d.lib(imgui_draw.obj) : warning LNK4099: PDB '' was not found with 'ESAT_d.lib(imgui_draw.obj)' or at ''; linking object as if no debug info
ESAT_d.lib(imgui_widgets.obj) : warning LNK4099: PDB '' was not found with 'ESAT_d.lib(imgui_widgets.obj)' or at ''; linking object as if no debug info
ESAT_d.lib(imgui_tables.obj) : warning LNK4099: PDB '' was not found with 'ESAT_d.lib(imgui_tables.obj)' or at ''; linking object as if no debug info
ESAT_d.lib(win32_init.obj) : warning LNK4099: PDB '' was not found with 'ESAT_d.lib(win32_init.obj)' or at ''; linking object as if no debug info
ESAT_d.lib(null_init.obj) : warning LNK4099: PDB '' was not found with 'ESAT_d.lib(null_init.obj)' or at ''; linking object as if no debug info
ESAT_d.lib(win32_module.obj) : warning LNK4099: PDB '' was not found with 'ESAT_d.lib(win32_module.obj)' or at ''; linking object as if no debug info
ESAT_d.lib(edk_geometry.obj) : warning LNK4099: PDB '' was not found with 'ESAT_d.lib(edk_geometry.obj)' or at ''; linking object as if no debug info
ESAT_d.lib(win32_window.obj) : warning LNK4099: PDB '' was not found with 'ESAT_d.lib(win32_window.obj)' or at ''; linking object as if no debug info
ESAT_d.lib(win32_monitor.obj) : warning LNK4099: PDB '' was not found with 'ESAT_d.lib(win32_monitor.obj)' or at ''; linking object as if no debug info
ESAT_d.lib(win32_joystick.obj) : warning LNK4099: PDB '' was not found with 'ESAT_d.lib(win32_joystick.obj)' or at ''; linking object as if no debug info
ESAT_d.lib(wgl_context.obj) : warning LNK4099: PDB '' was not found with 'ESAT_d.lib(wgl_context.obj)' or at ''; linking object as if no debug info
ESAT_d.lib(egl_context.obj) : warning LNK4099: PDB '' was not found with 'ESAT_d.lib(egl_context.obj)' or at ''; linking object as if no debug info
ESAT_d.lib(null_monitor.obj) : warning LNK4099: PDB '' was not found with 'ESAT_d.lib(null_monitor.obj)' or at ''; linking object as if no debug info
ESAT_d.lib(null_window.obj) : warning LNK4099: PDB '' was not found with 'ESAT_d.lib(null_window.obj)' or at ''; linking object as if no debug info
ESAT_d.lib(null_joystick.obj) : warning LNK4099: PDB '' was not found with 'ESAT_d.lib(null_joystick.obj)' or at ''; linking object as if no debug info
ESAT_d.lib(osmesa_context.obj) : warning LNK4099: PDB '' was not found with 'ESAT_d.lib(osmesa_context.obj)' or at ''; linking object as if no debug info
  Game.vcxproj -> D:\Clase\PracticaSonidoGustavo\CTool\build\Debug\Game.exe
